<?xml version="1.0" encoding="UTF-8"?>
<!-- Generated by org.testng.reporters.JUnitReportReporter -->
<testsuite hostname="DESKTOP-GN7T2HK" failures="0" tests="1" name="com.byterid.TC_Login" time="12.839" errors="0" timestamp="2022-04-06T19:02:54 IST" skipped="0">
  <testcase classname="com.byterid.TC_Login" name="login_Test" time="12.839"/>
  <system-out/>
</testsuite> <!-- com.byterid.TC_Login -->
