<?xml version="1.0" encoding="UTF-8"?>
<!-- Generated by org.testng.reporters.JUnitReportReporter -->
<testsuite hostname="DESKTOP-GN7T2HK" failures="0" tests="2" name="com.byterid.AppTest" time="0.013" errors="0" timestamp="2022-04-06T18:46:59 IST" skipped="0">
  <testcase classname="com.byterid.AppTest" name="testlogin2" time="0.002"/>
  <system-out/>
  <testcase classname="com.byterid.AppTest" name="testlogin1" time="0.011"/>
  <system-out/>
</testsuite> <!-- com.byterid.AppTest -->
